<?xml version="1.0" encoding="UTF-8"?>
<testsuite name="ohtuesimerkki.StatisticsTest" tests="3" skipped="0" failures="0" errors="0" timestamp="2017-03-26T11:23:54" hostname="DESKTOP-8DVSS9V" time="0.003">
  <properties/>
  <testcase name="teamTest" classname="ohtuesimerkki.StatisticsTest" time="0.002"/>
  <testcase name="searchTest" classname="ohtuesimerkki.StatisticsTest" time="0.0"/>
  <testcase name="topScorersTest" classname="ohtuesimerkki.StatisticsTest" time="0.001"/>
  <system-out><![CDATA[]]></system-out>
  <system-err><![CDATA[]]></system-err>
</testsuite>
